<?xml version="1.0" encoding="UTF-8"?>
<!-- Generated by org.testng.reporters.JUnitReportReporter -->
<testsuite hostname="Alekh" failures="0" tests="1" name="Test_Runner.PublicDonationRunner" time="68.479" errors="0" timestamp="2024-03-04T11:51:21 IST" skipped="0">
  <testcase classname="Test_Runner.PublicDonationRunner" name="runScenario" time="68.479"/>
  <system-out/>
</testsuite> <!-- Test_Runner.PublicDonationRunner -->
