<?xml version="1.0" encoding="UTF-8"?>
<!-- Generated by org.testng.reporters.JUnitReportReporter -->
<testsuite hostname="Alekh" failures="0" tests="1" name="Test_Runner.PublicDonationRunner" time="39.415" errors="0" timestamp="2024-03-01T17:03:45 IST" skipped="0">
  <testcase classname="Test_Runner.PublicDonationRunner" name="runScenario" time="39.415"/>
  <system-out/>
</testsuite> <!-- Test_Runner.PublicDonationRunner -->
