<?xml version="1.0" encoding="UTF-8"?>
<!-- Generated by org.testng.reporters.JUnitReportReporter -->
<testsuite hostname="Alekh" failures="1" tests="1" name="Test_Runner.LoginPageRunner" time="25.793" errors="0" timestamp="2024-03-01T10:49:54 IST" skipped="0">
  <testcase classname="Test_Runner.LoginPageRunner" name="runScenario" time="25.793">
    <failure message="expected [true] but found [false]" type="java.lang.AssertionError">
      <![CDATA[java.lang.AssertionError: expected [true] but found [false]
at org.testng.Assert.fail(Assert.java:110)
at org.testng.Assert.failNotEquals(Assert.java:1577)
at org.testng.Assert.assertTrue(Assert.java:56)
at org.testng.Assert.assertTrue(Assert.java:66)
at Stepdefination.LoginStepDefinitions.the_user_should_be_logged_in_successfully(LoginStepDefinitions.java:85)
at âœ½.the user should be logged in successfully(file:///C:/Users/Dell/git/repository/com.affnetz/src/test/java/Feature_files/loginPage.feature:9)
]]>
    </failure>
  </testcase> <!-- runScenario -->
  <system-out/>
</testsuite> <!-- Test_Runner.LoginPageRunner -->
