<?xml version="1.0" encoding="UTF-8"?>
<!-- Generated by org.testng.reporters.JUnitReportReporter -->
<testsuite hostname="Alekh" failures="0" tests="3" name="Test_Runner.LoginPageRunner" time="118.585" errors="0" timestamp="2024-03-04T13:04:51 IST" skipped="0">
  <testcase classname="Test_Runner.LoginPageRunner" name="runScenario" time="58.767"/>
  <system-out/>
  <testcase classname="Test_Runner.LoginPageRunner" name="runScenario" time="30.153"/>
  <system-out/>
  <testcase classname="Test_Runner.LoginPageRunner" name="runScenario" time="29.665"/>
  <system-out/>
</testsuite> <!-- Test_Runner.LoginPageRunner -->
