<?xml version="1.0" encoding="UTF-8"?>
<!-- Generated by org.testng.reporters.JUnitReportReporter -->
<testsuite hostname="Alekh" failures="0" tests="1" name="Test_Runner.PublicDonationRunner" time="75.520" errors="0" timestamp="2024-03-04T12:15:48 IST" skipped="0">
  <testcase classname="Test_Runner.PublicDonationRunner" name="runScenario" time="75.520"/>
  <system-out/>
</testsuite> <!-- Test_Runner.PublicDonationRunner -->
