<?xml version="1.0" encoding="UTF-8"?>
<!-- Generated by org.testng.reporters.JUnitReportReporter -->
<testsuite hostname="Alekh" failures="0" tests="3" name="Test_Runner.LoginPageRunner" time="128.730" errors="0" timestamp="2024-03-04T14:37:13 IST" skipped="0">
  <testcase classname="Test_Runner.LoginPageRunner" name="runScenario" time="22.574"/>
  <system-out/>
  <testcase classname="Test_Runner.LoginPageRunner" name="runScenario" time="21.714"/>
  <system-out/>
  <testcase classname="Test_Runner.LoginPageRunner" name="runScenario" time="84.442"/>
  <system-out/>
</testsuite> <!-- Test_Runner.LoginPageRunner -->
