<?xml version="1.0" encoding="UTF-8"?>
<!-- Generated by org.testng.reporters.JUnitReportReporter -->
<testsuite hostname="Alekh" failures="0" tests="2" name="Test_Runner.LoginPageRunner" time="44.206" errors="0" timestamp="2024-03-04T11:51:21 IST" skipped="0">
  <testcase classname="Test_Runner.LoginPageRunner" name="runScenario" time="23.109"/>
  <system-out/>
  <testcase classname="Test_Runner.LoginPageRunner" name="runScenario" time="21.097"/>
  <system-out/>
</testsuite> <!-- Test_Runner.LoginPageRunner -->
